19:18:03.673 [by.training.task3.controller.Runner  -----+`  t] INFO  by.training.task3.controller.Runner - Start program
19:18:03.683 [by.training.task3.controller.Runner  -----+`  t] INFO  by.training.task3.controller.Runner - Main loop
19:18:48.948 [by.training.task3.controller.Runner  -----+`  t] INFO  by.training.task3.controller.Runner - command execute correctly
19:18:48.949 [by.training.task3.controller.Runner  -----+`  t] INFO  by.training.task3.controller.Runner - Main loop
19:18:54.935 [by.training.task3.controller.Runner  -----+`  t] INFO  by.training.task3.controller.Runner - command execute correctly
19:23:31.221 [by.training.task3.controller.Runner  -----+`  t] INFO  by.training.task3.controller.Runner - Start program
19:23:31.238 [by.training.task3.controller.Runner  -----+`  t] INFO  by.training.task3.controller.Runner - Main loop
19:25:41.021 [by.training.task3.controller.Runner  -----+`  t] INFO  by.training.task3.controller.Runner - Start program
19:25:41.029 [by.training.task3.controller.Runner  -----+`  t] INFO  by.training.task3.controller.Runner - Main loop
19:25:48.342 [by.training.task3.controller.Runner  -----+`  t] INFO  by.training.task3.controller.Runner - Main loop
19:26:15.745 [by.training.task3.controller.Runner  -----+`  t] INFO  by.training.task3.controller.Runner - Start program
19:26:15.753 [by.training.task3.controller.Runner  -----+`  t] INFO  by.training.task3.controller.Runner - Main loop
19:26:41.310 [by.training.task3.service.matrixOperation.MatrixProduct  -----+`  t] INFO  by.training.task3.service.matrixOperation.MatrixProduct - Matrix product run
19:26:41.310 [by.training.task3.service.matrixOperation.MatrixProduct  -----+`  t] INFO  by.training.task3.service.matrixOperation.MatrixProduct - Matrix product completed
19:26:41.311 [by.training.task3.controller.Runner  -----+`  t] INFO  by.training.task3.controller.Runner - command execute correctly
19:26:41.311 [by.training.task3.controller.Runner  -----+`  t] INFO  by.training.task3.controller.Runner - Main loop
19:26:51.987 [by.training.task3.controller.Runner  -----+`  t] INFO  by.training.task3.controller.Runner - Main loop
19:26:55.024 [by.training.task3.controller.Runner  -----+`  t] INFO  by.training.task3.controller.Runner - command execute correctly
11:05:07.302 [by.training.task3.controller.Runner  -----+`  t] INFO  by.training.task3.controller.Runner - Start program
11:05:09.130 [by.training.task3.controller.Runner  -----+`  t] INFO  by.training.task3.controller.Runner - Main loop
11:05:53.719 [by.training.task3.service.GetArrayFromFile  -----+`  t] INFO  by.training.task3.service.GetArrayFromFile - Get array from file run
11:08:14.144 [by.training.task3.controller.Runner  -----+`  t] INFO  by.training.task3.controller.Runner - Start program
11:08:16.218 [by.training.task3.controller.Runner  -----+`  t] INFO  by.training.task3.controller.Runner - Main loop
11:08:56.456 [by.training.task3.service.GetArrayFromFile  -----+`  t] INFO  by.training.task3.service.GetArrayFromFile - Get array from file run
11:10:20.800 [by.training.task3.controller.Runner  -----+`  t] INFO  by.training.task3.controller.Runner - Start program
11:10:21.994 [by.training.task3.controller.Runner  -----+`  t] INFO  by.training.task3.controller.Runner - Main loop
11:11:00.165 [by.training.task3.service.GetArrayFromFile  -----+`  t] INFO  by.training.task3.service.GetArrayFromFile - Get array from file run
11:12:48.204 [by.training.task3.controller.Runner  -----+`  t] INFO  by.training.task3.controller.Runner - Start program
11:12:49.855 [by.training.task3.controller.Runner  -----+`  t] INFO  by.training.task3.controller.Runner - Main loop
11:13:08.099 [by.training.task3.service.GetArrayFromFile  -----+`  t] INFO  by.training.task3.service.GetArrayFromFile - Get array from file run
11:13:15.679 [by.training.task3.controller.Runner  -----+`  t] INFO  by.training.task3.controller.Runner - Start program
11:13:17.972 [by.training.task3.controller.Runner  -----+`  t] INFO  by.training.task3.controller.Runner - Main loop
11:14:52.586 [by.training.task3.service.GetArrayFromFile  -----+`  t] INFO  by.training.task3.service.GetArrayFromFile - Get array from file run
11:17:19.297 [by.training.task3.controller.Runner  -----+`  t] INFO  by.training.task3.controller.Runner - Start program
11:17:20.897 [by.training.task3.controller.Runner  -----+`  t] INFO  by.training.task3.controller.Runner - Main loop
11:17:35.697 [by.training.task3.service.GetArrayFromFile  -----+`  t] INFO  by.training.task3.service.GetArrayFromFile - Get array from file run
11:17:56.598 [by.training.task3.controller.Runner  -----+`  t] INFO  by.training.task3.controller.Runner - Start program
11:17:57.740 [by.training.task3.controller.Runner  -----+`  t] INFO  by.training.task3.controller.Runner - Main loop
11:18:08.946 [by.training.task3.service.GetArrayFromFile  -----+`  t] INFO  by.training.task3.service.GetArrayFromFile - Get array from file run
11:19:34.283 [by.training.task3.controller.Runner  -----+`  t] INFO  by.training.task3.controller.Runner - Start program
11:19:37.841 [by.training.task3.controller.Runner  -----+`  t] INFO  by.training.task3.controller.Runner - Main loop
11:19:58.494 [by.training.task3.service.GetArrayFromFile  -----+`  t] INFO  by.training.task3.service.GetArrayFromFile - Get array from file run
11:22:56.093 [by.training.task3.controller.Runner  -----+`  t] INFO  by.training.task3.controller.Runner - Start program
11:22:57.564 [by.training.task3.controller.Runner  -----+`  t] INFO  by.training.task3.controller.Runner - Main loop
11:23:15.278 [by.training.task3.service.GetArrayFromFile  -----+`  t] INFO  by.training.task3.service.GetArrayFromFile - Get array from file run
11:23:41.344 [by.training.task3.controller.Runner  -----+`  t] INFO  by.training.task3.controller.Runner - Start program
11:23:43.625 [by.training.task3.controller.Runner  -----+`  t] INFO  by.training.task3.controller.Runner - Main loop
11:23:55.155 [by.training.task3.service.GetArrayFromFile  -----+`  t] INFO  by.training.task3.service.GetArrayFromFile - Get array from file run
11:30:31.889 [by.training.task3.controller.Runner  -----+`  t] INFO  by.training.task3.controller.Runner - Start program
11:30:33.665 [by.training.task3.controller.Runner  -----+`  t] INFO  by.training.task3.controller.Runner - Start program
11:30:37.195 [by.training.task3.controller.Runner  -----+`  t] INFO  by.training.task3.controller.Runner - Start program
11:30:39.905 [by.training.task3.controller.Runner  -----+`  t] INFO  by.training.task3.controller.Runner - Main loop
11:31:04.539 [by.training.task3.service.GetArrayFromFile  -----+`  t] INFO  by.training.task3.service.GetArrayFromFile - Get array from file run
11:32:57.604 [by.training.task3.controller.Runner  -----+`  t] INFO  by.training.task3.controller.Runner - Start program
11:32:59.780 [by.training.task3.controller.Runner  -----+`  t] INFO  by.training.task3.controller.Runner - Main loop
11:33:22.592 [by.training.task3.service.GetArrayFromFile  -----+`  t] INFO  by.training.task3.service.GetArrayFromFile - Get array from file run
11:34:31.468 [by.training.task3.controller.Runner  -----+`  t] INFO  by.training.task3.controller.Runner - Start program
11:34:32.907 [by.training.task3.controller.Runner  -----+`  t] INFO  by.training.task3.controller.Runner - Main loop
11:34:46.978 [by.training.task3.service.GetArrayFromFile  -----+`  t] INFO  by.training.task3.service.GetArrayFromFile - Get array from file run
11:35:37.271 [by.training.task3.controller.Runner  -----+`  t] INFO  by.training.task3.controller.Runner - command execute correctly
11:35:37.272 [by.training.task3.controller.Runner  -----+`  t] INFO  by.training.task3.controller.Runner - Main loop
11:36:25.996 [by.training.task3.controller.Runner  -----+`  t] INFO  by.training.task3.controller.Runner - Start program
11:36:29.352 [by.training.task3.controller.Runner  -----+`  t] INFO  by.training.task3.controller.Runner - Main loop
11:36:41.595 [by.training.task3.service.GetArrayFromFile  -----+`  t] INFO  by.training.task3.service.GetArrayFromFile - Get array from file run
11:36:56.040 [by.training.task3.controller.Runner  -----+`  t] INFO  by.training.task3.controller.Runner - command execute correctly
11:37:02.323 [by.training.task3.controller.Runner  -----+`  t] INFO  by.training.task3.controller.Runner - Main loop
11:37:54.621 [by.training.task3.controller.Runner  -----+`  t] INFO  by.training.task3.controller.Runner - Start program
11:37:58.085 [by.training.task3.controller.Runner  -----+`  t] INFO  by.training.task3.controller.Runner - Start program
11:37:59.537 [by.training.task3.controller.Runner  -----+`  t] INFO  by.training.task3.controller.Runner - Main loop
11:38:27.260 [by.training.task3.service.GetArrayFromFile  -----+`  t] INFO  by.training.task3.service.GetArrayFromFile - Get array from file run
11:38:27.263 [by.training.task3.controller.Runner  -----+`  t] INFO  by.training.task3.controller.Runner - command execute correctly
11:38:27.263 [by.training.task3.controller.Runner  -----+`  t] INFO  by.training.task3.controller.Runner - Main loop
13:25:13.105 [by.training.task3.controller.Runner  -----+`  t] INFO  by.training.task3.controller.Runner - Start program
13:25:15.969 [by.training.task3.controller.Runner  -----+`  t] INFO  by.training.task3.controller.Runner - Main loop
13:25:39.118 [by.training.task3.service.matrixOperation.MatrixSum  -----+`  t] INFO  by.training.task3.service.matrixOperation.MatrixSum - Matrix sum run
13:25:39.119 [by.training.task3.service.matrixOperation.MatrixSum  -----+`  t] INFO  by.training.task3.service.matrixOperation.MatrixSum - Matrix sum completed
13:25:39.119 [by.training.task3.controller.Runner  -----+`  t] INFO  by.training.task3.controller.Runner - command execute correctly
13:25:39.120 [by.training.task3.controller.Runner  -----+`  t] INFO  by.training.task3.controller.Runner - Main loop
13:29:56.634 [by.training.task3.service.matrixOperation.MatrixSub  -----+`  t] INFO  by.training.task3.service.matrixOperation.MatrixSub - Matrix substract run
13:29:56.645 [by.training.task3.service.matrixOperation.MatrixSub  -----+`  t] INFO  by.training.task3.service.matrixOperation.MatrixSub - Martix substract completed
13:29:56.652 [by.training.task3.service.matrixOperation.MatrixSub  -----+`  t] INFO  by.training.task3.service.matrixOperation.MatrixSub - Matrix substract run
13:29:56.653 [by.training.task3.service.matrixOperation.MatrixSub  -----+`  t] INFO  by.training.task3.service.matrixOperation.MatrixSub - Martix substract completed
13:29:56.663 [by.training.task3.service.matrixOperation.MatrixSub  -----+`  t] INFO  by.training.task3.service.matrixOperation.MatrixSub - Matrix substract run
13:29:56.663 [by.training.task3.service.matrixOperation.MatrixSub  -----+`  t] INFO  by.training.task3.service.matrixOperation.MatrixSub - Martix substract completed
13:29:56.666 [by.training.task3.service.matrixOperation.MatrixSub  -----+`  t] INFO  by.training.task3.service.matrixOperation.MatrixSub - Matrix substract run
13:29:56.668 [by.training.task3.service.matrixOperation.MatrixSub  -----+`  t] INFO  by.training.task3.service.matrixOperation.MatrixSub - Matrix substract run
13:33:35.042 [by.training.task3.service.matrixOperation.MatrixSub  -----+`  t] INFO  by.training.task3.service.matrixOperation.MatrixSub - Matrix substract run
13:33:35.048 [by.training.task3.service.matrixOperation.MatrixSub  -----+`  t] INFO  by.training.task3.service.matrixOperation.MatrixSub - Martix substract completed
13:33:35.055 [by.training.task3.service.matrixOperation.MatrixSub  -----+`  t] INFO  by.training.task3.service.matrixOperation.MatrixSub - Matrix substract run
13:33:35.056 [by.training.task3.service.matrixOperation.MatrixSub  -----+`  t] INFO  by.training.task3.service.matrixOperation.MatrixSub - Martix substract completed
13:33:35.068 [by.training.task3.service.matrixOperation.MatrixSub  -----+`  t] INFO  by.training.task3.service.matrixOperation.MatrixSub - Matrix substract run
13:33:35.069 [by.training.task3.service.matrixOperation.MatrixSub  -----+`  t] INFO  by.training.task3.service.matrixOperation.MatrixSub - Martix substract completed
13:34:14.545 [by.training.task3.service.matrixOperation.MatrixSub  -----+`  t] INFO  by.training.task3.service.matrixOperation.MatrixSub - Matrix substract run
13:34:14.546 [by.training.task3.service.matrixOperation.MatrixSub  -----+`  t] INFO  by.training.task3.service.matrixOperation.MatrixSub - Matrix substract run
13:34:31.159 [by.training.task3.service.matrixOperation.MatrixSub  -----+`  t] INFO  by.training.task3.service.matrixOperation.MatrixSub - Matrix substract run
13:34:31.165 [by.training.task3.service.matrixOperation.MatrixSub  -----+`  t] INFO  by.training.task3.service.matrixOperation.MatrixSub - Martix substract completed
13:35:49.018 [by.training.task3.service.matrixOperation.MatrixSub  -----+`  t] INFO  by.training.task3.service.matrixOperation.MatrixSub - Matrix substract run
13:36:20.980 [by.training.task3.service.matrixOperation.MatrixSub  -----+`  t] INFO  by.training.task3.service.matrixOperation.MatrixSub - Martix substract completed
13:36:20.988 [by.training.task3.service.matrixOperation.MatrixSub  -----+`  t] INFO  by.training.task3.service.matrixOperation.MatrixSub - Matrix substract run
13:36:20.989 [by.training.task3.service.matrixOperation.MatrixSub  -----+`  t] INFO  by.training.task3.service.matrixOperation.MatrixSub - Martix substract completed
13:36:20.993 [by.training.task3.service.matrixOperation.MatrixSub  -----+`  t] INFO  by.training.task3.service.matrixOperation.MatrixSub - Matrix substract run
13:36:20.994 [by.training.task3.service.matrixOperation.MatrixSub  -----+`  t] INFO  by.training.task3.service.matrixOperation.MatrixSub - Matrix substract run
13:36:25.960 [by.training.task3.service.matrixOperation.MatrixSub  -----+`  t] INFO  by.training.task3.service.matrixOperation.MatrixSub - Matrix substract run
13:36:25.973 [by.training.task3.service.matrixOperation.MatrixSub  -----+`  t] INFO  by.training.task3.service.matrixOperation.MatrixSub - Martix substract completed
13:36:25.981 [by.training.task3.service.matrixOperation.MatrixSub  -----+`  t] INFO  by.training.task3.service.matrixOperation.MatrixSub - Matrix substract run
13:36:25.981 [by.training.task3.service.matrixOperation.MatrixSub  -----+`  t] INFO  by.training.task3.service.matrixOperation.MatrixSub - Martix substract completed
13:36:25.982 [by.training.task3.service.matrixOperation.MatrixSub  -----+`  t] INFO  by.training.task3.service.matrixOperation.MatrixSub - Matrix substract run
13:36:25.982 [by.training.task3.service.matrixOperation.MatrixSub  -----+`  t] INFO  by.training.task3.service.matrixOperation.MatrixSub - Martix substract completed
13:36:25.987 [by.training.task3.service.matrixOperation.MatrixSub  -----+`  t] INFO  by.training.task3.service.matrixOperation.MatrixSub - Matrix substract run
13:36:25.987 [by.training.task3.service.matrixOperation.MatrixSub  -----+`  t] INFO  by.training.task3.service.matrixOperation.MatrixSub - Matrix substract run
13:37:26.162 [by.training.task3.service.matrixOperation.MatrixSub  -----+`  t] INFO  by.training.task3.service.matrixOperation.MatrixSub - Matrix substract run
13:37:26.174 [by.training.task3.service.matrixOperation.MatrixSub  -----+`  t] INFO  by.training.task3.service.matrixOperation.MatrixSub - Martix substract completed
13:37:26.182 [by.training.task3.service.matrixOperation.MatrixSub  -----+`  t] INFO  by.training.task3.service.matrixOperation.MatrixSub - Matrix substract run
13:37:26.182 [by.training.task3.service.matrixOperation.MatrixSub  -----+`  t] INFO  by.training.task3.service.matrixOperation.MatrixSub - Martix substract completed
13:37:26.183 [by.training.task3.service.matrixOperation.MatrixSub  -----+`  t] INFO  by.training.task3.service.matrixOperation.MatrixSub - Matrix substract run
13:37:26.183 [by.training.task3.service.matrixOperation.MatrixSub  -----+`  t] INFO  by.training.task3.service.matrixOperation.MatrixSub - Martix substract completed
13:37:26.186 [by.training.task3.service.matrixOperation.MatrixSub  -----+`  t] INFO  by.training.task3.service.matrixOperation.MatrixSub - Matrix substract run
13:37:26.187 [by.training.task3.service.matrixOperation.MatrixSub  -----+`  t] INFO  by.training.task3.service.matrixOperation.MatrixSub - Matrix substract run
13:37:42.252 [by.training.task3.service.matrixOperation.MatrixSub  -----+`  t] INFO  by.training.task3.service.matrixOperation.MatrixSub - Matrix substract run
13:37:42.265 [by.training.task3.service.matrixOperation.MatrixSub  -----+`  t] INFO  by.training.task3.service.matrixOperation.MatrixSub - Martix substract completed
13:37:42.277 [by.training.task3.service.matrixOperation.MatrixSub  -----+`  t] INFO  by.training.task3.service.matrixOperation.MatrixSub - Matrix substract run
13:37:42.277 [by.training.task3.service.matrixOperation.MatrixSub  -----+`  t] INFO  by.training.task3.service.matrixOperation.MatrixSub - Martix substract completed
13:37:42.279 [by.training.task3.service.matrixOperation.MatrixSub  -----+`  t] INFO  by.training.task3.service.matrixOperation.MatrixSub - Matrix substract run
13:37:42.279 [by.training.task3.service.matrixOperation.MatrixSub  -----+`  t] INFO  by.training.task3.service.matrixOperation.MatrixSub - Martix substract completed
13:37:42.282 [by.training.task3.service.matrixOperation.MatrixSub  -----+`  t] INFO  by.training.task3.service.matrixOperation.MatrixSub - Matrix substract run
13:37:42.283 [by.training.task3.service.matrixOperation.MatrixSub  -----+`  t] INFO  by.training.task3.service.matrixOperation.MatrixSub - Matrix substract run
13:43:40.786 [by.training.task3.service.matrixOperation.MatrixProduct  -----+`  t] INFO  by.training.task3.service.matrixOperation.MatrixProduct - Matrix product run
13:43:40.792 [by.training.task3.service.matrixOperation.MatrixProduct  -----+`  t] INFO  by.training.task3.service.matrixOperation.MatrixProduct - Matrix product run
13:43:40.801 [by.training.task3.service.matrixOperation.MatrixProduct  -----+`  t] INFO  by.training.task3.service.matrixOperation.MatrixProduct - Matrix product run
13:43:40.805 [by.training.task3.service.matrixOperation.MatrixProduct  -----+`  t] INFO  by.training.task3.service.matrixOperation.MatrixProduct - Matrix product run
13:43:40.807 [by.training.task3.service.matrixOperation.MatrixProduct  -----+`  t] INFO  by.training.task3.service.matrixOperation.MatrixProduct - Matrix product run
13:43:40.807 [by.training.task3.service.matrixOperation.MatrixProduct  -----+`  t] INFO  by.training.task3.service.matrixOperation.MatrixProduct - Matrix product completed
13:45:30.252 [by.training.task3.service.matrixOperation.MatrixProduct  -----+`  t] INFO  by.training.task3.service.matrixOperation.MatrixProduct - Matrix product run
13:45:30.271 [by.training.task3.service.matrixOperation.MatrixProduct  -----+`  t] INFO  by.training.task3.service.matrixOperation.MatrixProduct - Matrix product run
13:45:30.278 [by.training.task3.service.matrixOperation.MatrixProduct  -----+`  t] INFO  by.training.task3.service.matrixOperation.MatrixProduct - Matrix product run
13:45:30.283 [by.training.task3.service.matrixOperation.MatrixProduct  -----+`  t] INFO  by.training.task3.service.matrixOperation.MatrixProduct - Matrix product run
13:45:30.285 [by.training.task3.service.matrixOperation.MatrixProduct  -----+`  t] INFO  by.training.task3.service.matrixOperation.MatrixProduct - Matrix product run
13:45:30.285 [by.training.task3.service.matrixOperation.MatrixProduct  -----+`  t] INFO  by.training.task3.service.matrixOperation.MatrixProduct - Matrix product completed
13:46:33.075 [by.training.task3.service.matrixOperation.MatrixProduct  -----+`  t] INFO  by.training.task3.service.matrixOperation.MatrixProduct - Matrix product run
13:46:33.095 [by.training.task3.service.matrixOperation.MatrixProduct  -----+`  t] INFO  by.training.task3.service.matrixOperation.MatrixProduct - Matrix product run
13:46:33.096 [by.training.task3.service.matrixOperation.MatrixProduct  -----+`  t] INFO  by.training.task3.service.matrixOperation.MatrixProduct - Matrix product run
13:46:33.103 [by.training.task3.service.matrixOperation.MatrixProduct  -----+`  t] INFO  by.training.task3.service.matrixOperation.MatrixProduct - Matrix product run
13:46:33.112 [by.training.task3.service.matrixOperation.MatrixProduct  -----+`  t] INFO  by.training.task3.service.matrixOperation.MatrixProduct - Matrix product run
13:46:33.112 [by.training.task3.service.matrixOperation.MatrixProduct  -----+`  t] INFO  by.training.task3.service.matrixOperation.MatrixProduct - Matrix product completed
13:48:09.652 [by.training.task3.service.matrixOperation.MatrixProduct  -----+`  t] INFO  by.training.task3.service.matrixOperation.MatrixProduct - Matrix product run
13:48:09.676 [by.training.task3.service.matrixOperation.MatrixProduct  -----+`  t] INFO  by.training.task3.service.matrixOperation.MatrixProduct - Matrix product run
13:48:09.678 [by.training.task3.service.matrixOperation.MatrixProduct  -----+`  t] INFO  by.training.task3.service.matrixOperation.MatrixProduct - Matrix product run
13:48:09.682 [by.training.task3.service.matrixOperation.MatrixProduct  -----+`  t] INFO  by.training.task3.service.matrixOperation.MatrixProduct - Matrix product run
13:48:09.684 [by.training.task3.service.matrixOperation.MatrixProduct  -----+`  t] INFO  by.training.task3.service.matrixOperation.MatrixProduct - Matrix product run
